<?xml version="1.0" encoding="UTF-8"?>
<!-- Generated by org.testng.reporters.JUnitXMLReporter -->
<testsuite ignored="2" hostname="DESKTOP-1CCS179" failures="0" tests="1" name="ABCTest(failed)(failed)" time="0.071" errors="0" timestamp="2022-06-01T10:15:04 IST">
  <testcase classname="demoPackageV1.Sample" name="test2" time="0.012"/>
  <testcase classname="demoPackageV1.Sample" name="test1" time="0.0">
    <ignored/>
  </testcase> <!-- test1 -->
  <testcase classname="demoPackageV1.Sample" name="test3" time="0.0">
    <ignored/>
  </testcase> <!-- test3 -->
</testsuite> <!-- ABCTest(failed)(failed) -->
