<?xml version="1.0" encoding="UTF-8"?>
<!-- Generated by org.testng.reporters.JUnitXMLReporter -->
<testsuite ignored="0" hostname="DESKTOP-1CCS179" failures="2" tests="4" name="ListenerTest" time="0.076" errors="0" timestamp="2022-06-03T10:06:41 IST">
  <testcase classname="listeners1.Sample" name="test1" time="0.01"/>
  <testcase classname="listeners1.Sample" name="test2" time="0.005">
    <failure type="java.lang.AssertionError">
      <![CDATA[java.lang.AssertionError
at org.junit.Assert.fail(Assert.java:86)
at org.junit.Assert.fail(Assert.java:95)
at listeners1.Sample.test2(Sample.java:18)
at java.base/java.util.ArrayList.forEach(ArrayList.java:1511)
... Removed 27 stack frames]]>
    </failure>
  </testcase> <!-- test2 -->
  <testcase classname="listeners1.Sample" name="test3" time="0.001"/>
  <testcase classname="listeners1.Sample" name="test4" time="0.002">
    <failure type="java.lang.AssertionError">
      <![CDATA[java.lang.AssertionError
at org.junit.Assert.fail(Assert.java:86)
at org.junit.Assert.fail(Assert.java:95)
at listeners1.Sample.test4(Sample.java:31)
at java.base/java.util.ArrayList.forEach(ArrayList.java:1511)
... Removed 27 stack frames]]>
    </failure>
  </testcase> <!-- test4 -->
</testsuite> <!-- ListenerTest -->
