<?xml version="1.0" encoding="UTF-8"?>
<!-- Generated by org.testng.reporters.JUnitXMLReporter -->
<testsuite ignored="0" hostname="LAPTOP-2QH6SATF" failures="0" tests="4" name="Test" time="56.685" errors="0" timestamp="2022-06-12T11:59:13 IST">
  <testcase classname="com.qa.testLayer.TradingTest" name="SellSharesOfAxis" time="9.09"/>
  <testcase classname="com.qa.testLayer.TradingTest" name="SellSharesOfSbi" time="9.012"/>
  <testcase classname="com.qa.testLayer.TradingTest" name="buySharesOfAxis" time="9.037"/>
  <testcase classname="com.qa.testLayer.TradingTest" name="buySharesOfSBI" time="9.0"/>
</testsuite> <!-- Test -->
